<?xml version="1.0" encoding="UTF-8"?>
<coverage generated="1525684729078" clover="3.2.0">
  <project timestamp="1525684729078" name="All files">
    <metrics statements="93" coveredstatements="26" conditionals="24" coveredconditionals="2" methods="47" coveredmethods="14" elements="164" coveredelements="42" complexity="0" loc="93" ncloc="93" packages="2" files="6" classes="6">
      <package name="attendanceApp">
        <metrics statements="7" coveredstatements="6" conditionals="2" coveredconditionals="1" methods="2" coveredmethods="2"/>
        <file name="App.js" path="/Users/abhihk95/Desktop/react-apps/team-despicable-us/attendanceApp/App.js">
          <metrics statements="6" coveredstatements="5" conditionals="2" coveredconditionals="1" methods="2" coveredmethods="2"/>
          <line num="9" count="2" type="cond" truecount="1" falsecount="1"/>
          <line num="11" count="0" type="stmt"/>
          <line num="16" count="1" type="stmt"/>
          <line num="23" count="2" type="stmt"/>
          <line num="29" count="2" type="stmt"/>
          <line num="34" count="2" type="stmt"/>
        </file>
        <file name="setupFetch.js" path="/Users/abhihk95/Desktop/react-apps/team-despicable-us/attendanceApp/setupFetch.js">
          <metrics statements="1" coveredstatements="1" conditionals="0" coveredconditionals="0" methods="0" coveredmethods="0"/>
          <line num="1" count="6" type="stmt"/>
        </file>
      </package>
      <package name="attendanceApp.components">
        <metrics statements="86" coveredstatements="20" conditionals="22" coveredconditionals="1" methods="45" coveredmethods="12"/>
        <file name="login.js" path="/Users/abhihk95/Desktop/react-apps/team-despicable-us/attendanceApp/components/login.js">
          <metrics statements="21" coveredstatements="6" conditionals="10" coveredconditionals="1" methods="10" coveredmethods="3"/>
          <line num="12" count="3" type="cond" truecount="1" falsecount="1"/>
          <line num="14" count="3" type="stmt"/>
          <line num="19" count="0" type="stmt"/>
          <line num="25" count="2" type="stmt"/>
          <line num="29" count="2" type="stmt"/>
          <line num="30" count="0" type="cond" truecount="0" falsecount="2"/>
          <line num="31" count="0" type="stmt"/>
          <line num="37" count="0" type="stmt"/>
          <line num="48" count="0" type="stmt"/>
          <line num="51" count="0" type="cond" truecount="0" falsecount="2"/>
          <line num="52" count="0" type="stmt"/>
          <line num="54" count="0" type="cond" truecount="0" falsecount="2"/>
          <line num="55" count="0" type="stmt"/>
          <line num="57" count="0" type="cond" truecount="0" falsecount="2"/>
          <line num="58" count="0" type="stmt"/>
          <line num="61" count="0" type="stmt"/>
          <line num="63" count="0" type="stmt"/>
          <line num="67" count="2" type="stmt"/>
          <line num="75" count="0" type="stmt"/>
          <line num="79" count="0" type="stmt"/>
          <line num="90" count="3" type="stmt"/>
        </file>
        <file name="studentpicker.js" path="/Users/abhihk95/Desktop/react-apps/team-despicable-us/attendanceApp/components/studentpicker.js">
          <metrics statements="36" coveredstatements="8" conditionals="4" coveredconditionals="0" methods="24" coveredmethods="5"/>
          <line num="16" count="1" type="stmt"/>
          <line num="17" count="1" type="stmt"/>
          <line num="22" count="1" type="stmt"/>
          <line num="23" count="1" type="stmt"/>
          <line num="28" count="0" type="stmt"/>
          <line num="36" count="0" type="cond" truecount="0" falsecount="2"/>
          <line num="37" count="0" type="stmt"/>
          <line num="38" count="0" type="stmt"/>
          <line num="39" count="0" type="stmt"/>
          <line num="40" count="0" type="stmt"/>
          <line num="41" count="0" type="stmt"/>
          <line num="45" count="0" type="stmt"/>
          <line num="52" count="1" type="stmt"/>
          <line num="55" count="1" type="stmt"/>
          <line num="65" count="0" type="stmt"/>
          <line num="68" count="0" type="stmt"/>
          <line num="69" count="0" type="stmt"/>
          <line num="70" count="0" type="cond" truecount="0" falsecount="2"/>
          <line num="71" count="0" type="stmt"/>
          <line num="72" count="0" type="stmt"/>
          <line num="76" count="0" type="stmt"/>
          <line num="83" count="0" type="stmt"/>
          <line num="94" count="0" type="stmt"/>
          <line num="96" count="0" type="stmt"/>
          <line num="105" count="0" type="stmt"/>
          <line num="113" count="0" type="stmt"/>
          <line num="115" count="0" type="stmt"/>
          <line num="116" count="0" type="stmt"/>
          <line num="117" count="0" type="stmt"/>
          <line num="159" count="0" type="stmt"/>
          <line num="160" count="0" type="stmt"/>
          <line num="163" count="1" type="stmt"/>
          <line num="171" count="0" type="stmt"/>
          <line num="173" count="0" type="stmt"/>
          <line num="176" count="0" type="stmt"/>
          <line num="187" count="3" type="stmt"/>
        </file>
        <file name="studentticket.js" path="/Users/abhihk95/Desktop/react-apps/team-despicable-us/attendanceApp/components/studentticket.js">
          <metrics statements="11" coveredstatements="4" conditionals="2" coveredconditionals="0" methods="7" coveredmethods="2"/>
          <line num="9" count="1" type="stmt"/>
          <line num="10" count="1" type="stmt"/>
          <line num="23" count="0" type="stmt"/>
          <line num="39" count="0" type="stmt"/>
          <line num="41" count="0" type="stmt"/>
          <line num="42" count="0" type="stmt"/>
          <line num="46" count="0" type="stmt"/>
          <line num="60" count="0" type="stmt"/>
          <line num="61" count="0" type="cond" truecount="0" falsecount="2"/>
          <line num="64" count="2" type="stmt"/>
          <line num="87" count="3" type="stmt"/>
        </file>
        <file name="upload.js" path="/Users/abhihk95/Desktop/react-apps/team-despicable-us/attendanceApp/components/upload.js">
          <metrics statements="18" coveredstatements="2" conditionals="6" coveredconditionals="0" methods="4" coveredmethods="2"/>
          <line num="14" count="1" type="stmt"/>
          <line num="17" count="0" type="stmt"/>
          <line num="18" count="0" type="cond" truecount="0" falsecount="2"/>
          <line num="20" count="0" type="stmt"/>
          <line num="21" count="0" type="stmt"/>
          <line num="22" count="0" type="cond" truecount="0" falsecount="2"/>
          <line num="25" count="0" type="stmt"/>
          <line num="26" count="0" type="stmt"/>
          <line num="28" count="0" type="stmt"/>
          <line num="29" count="0" type="stmt"/>
          <line num="31" count="0" type="stmt"/>
          <line num="32" count="0" type="cond" truecount="0" falsecount="2"/>
          <line num="33" count="0" type="stmt"/>
          <line num="37" count="0" type="stmt"/>
          <line num="38" count="0" type="stmt"/>
          <line num="40" count="0" type="stmt"/>
          <line num="55" count="0" type="stmt"/>
          <line num="61" count="1" type="stmt"/>
        </file>
      </package>
    </metrics>
  </project>
</coverage>
