{"/Users/abhihk95/Desktop/react-apps/team-despicable-us/attendanceApp/App.js": {"path":"/Users/abhihk95/Desktop/react-apps/team-despicable-us/attendanceApp/App.js","statementMap":{"0":{"start":{"line":14,"column":21},"end":{"line":19,"column":2}},"1":{"start":{"line":21,"column":20},"end":{"line":35,"column":4}},"2":{"start":{"line":30,"column":29},"end":{"line":34,"column":3}},"3":{"start":{"line":40,"column":4},"end":{"line":42,"column":6}}},"fnMap":{"0":{"name":"(anonymous_0)","decl":{"start":{"line":30,"column":22},"end":{"line":30,"column":23}},"loc":{"start":{"line":30,"column":29},"end":{"line":34,"column":3}},"line":30},"1":{"name":"(anonymous_1)","decl":{"start":{"line":39,"column":2},"end":{"line":39,"column":3}},"loc":{"start":{"line":39,"column":11},"end":{"line":43,"column":3}},"line":39}},"branchMap":{},"s":{"0":1,"1":1,"2":0,"3":0},"f":{"0":0,"1":0},"b":{},"_coverageSchema":"332fd63041d2c1bcb487cc26dd0d5f7d97098a6c","hash":"132545b26b99a53f34fd1fad57de15b21049da73"}
,"/Users/abhihk95/Desktop/react-apps/team-despicable-us/attendanceApp/setupFetch.js": {"path":"/Users/abhihk95/Desktop/react-apps/team-despicable-us/attendanceApp/setupFetch.js","statementMap":{"0":{"start":{"line":1,"column":0},"end":{"line":1,"column":41}}},"fnMap":{},"branchMap":{},"s":{"0":5},"f":{},"b":{},"_coverageSchema":"332fd63041d2c1bcb487cc26dd0d5f7d97098a6c","hash":"d9df9c886bded1ced938d8444bd1cd40911da249"}
,"/Users/abhihk95/Desktop/react-apps/team-despicable-us/attendanceApp/components/login.js": {"path":"/Users/abhihk95/Desktop/react-apps/team-despicable-us/attendanceApp/components/login.js","statementMap":{"0":{"start":{"line":15,"column":2},"end":{"line":18,"column":3}},"1":{"start":{"line":21,"column":2},"end":{"line":21,"column":24}},"2":{"start":{"line":25,"column":14},"end":{"line":25,"column":48}},"3":{"start":{"line":26,"column":2},"end":{"line":28,"column":3}},"4":{"start":{"line":27,"column":3},"end":{"line":27,"column":51}},"5":{"start":{"line":33,"column":2},"end":{"line":56,"column":5}},"6":{"start":{"line":44,"column":17},"end":{"line":44,"column":28}},"7":{"start":{"line":47,"column":3},"end":{"line":55,"column":4}},"8":{"start":{"line":48,"column":4},"end":{"line":48,"column":45}},"9":{"start":{"line":50,"column":8},"end":{"line":55,"column":4}},"10":{"start":{"line":51,"column":7},"end":{"line":51,"column":142}},"11":{"start":{"line":53,"column":8},"end":{"line":55,"column":4}},"12":{"start":{"line":54,"column":4},"end":{"line":54,"column":77}},"13":{"start":{"line":59,"column":2},"end":{"line":78,"column":4}},"14":{"start":{"line":67,"column":37},"end":{"line":67,"column":74}},"15":{"start":{"line":71,"column":37},"end":{"line":71,"column":74}},"16":{"start":{"line":82,"column":15},"end":{"line":112,"column":2}}},"fnMap":{"0":{"name":"(anonymous_0)","decl":{"start":{"line":14,"column":1},"end":{"line":14,"column":2}},"loc":{"start":{"line":14,"column":19},"end":{"line":19,"column":2}},"line":14},"1":{"name":"(anonymous_1)","decl":{"start":{"line":20,"column":1},"end":{"line":20,"column":2}},"loc":{"start":{"line":20,"column":20},"end":{"line":22,"column":2}},"line":20},"2":{"name":"(anonymous_2)","decl":{"start":{"line":24,"column":18},"end":{"line":24,"column":19}},"loc":{"start":{"line":24,"column":30},"end":{"line":29,"column":2}},"line":24},"3":{"name":"(anonymous_3)","decl":{"start":{"line":30,"column":9},"end":{"line":30,"column":10}},"loc":{"start":{"line":30,"column":15},"end":{"line":57,"column":2}},"line":30},"4":{"name":"(anonymous_4)","decl":{"start":{"line":44,"column":8},"end":{"line":44,"column":9}},"loc":{"start":{"line":44,"column":17},"end":{"line":44,"column":28}},"line":44},"5":{"name":"(anonymous_5)","decl":{"start":{"line":45,"column":9},"end":{"line":45,"column":10}},"loc":{"start":{"line":45,"column":17},"end":{"line":56,"column":3}},"line":45},"6":{"name":"(anonymous_6)","decl":{"start":{"line":58,"column":1},"end":{"line":58,"column":2}},"loc":{"start":{"line":58,"column":9},"end":{"line":79,"column":2}},"line":58},"7":{"name":"(anonymous_7)","decl":{"start":{"line":67,"column":22},"end":{"line":67,"column":23}},"loc":{"start":{"line":67,"column":36},"end":{"line":67,"column":75}},"line":67},"8":{"name":"(anonymous_8)","decl":{"start":{"line":71,"column":22},"end":{"line":71,"column":23}},"loc":{"start":{"line":71,"column":36},"end":{"line":71,"column":75}},"line":71}},"branchMap":{"0":{"loc":{"start":{"line":26,"column":2},"end":{"line":28,"column":3}},"type":"if","locations":[{"start":{"line":26,"column":2},"end":{"line":28,"column":3}},{"start":{"line":26,"column":2},"end":{"line":28,"column":3}}],"line":26},"1":{"loc":{"start":{"line":47,"column":3},"end":{"line":55,"column":4}},"type":"if","locations":[{"start":{"line":47,"column":3},"end":{"line":55,"column":4}},{"start":{"line":47,"column":3},"end":{"line":55,"column":4}}],"line":47},"2":{"loc":{"start":{"line":50,"column":8},"end":{"line":55,"column":4}},"type":"if","locations":[{"start":{"line":50,"column":8},"end":{"line":55,"column":4}},{"start":{"line":50,"column":8},"end":{"line":55,"column":4}}],"line":50},"3":{"loc":{"start":{"line":53,"column":8},"end":{"line":55,"column":4}},"type":"if","locations":[{"start":{"line":53,"column":8},"end":{"line":55,"column":4}},{"start":{"line":53,"column":8},"end":{"line":55,"column":4}}],"line":53}},"s":{"0":0,"1":1,"2":1,"3":0,"4":0,"5":0,"6":0,"7":0,"8":0,"9":0,"10":0,"11":0,"12":0,"13":1,"14":0,"15":0,"16":2},"f":{"0":0,"1":1,"2":1,"3":0,"4":0,"5":0,"6":1,"7":0,"8":0},"b":{"0":[0,0],"1":[0,0],"2":[0,0],"3":[0,0]},"_coverageSchema":"332fd63041d2c1bcb487cc26dd0d5f7d97098a6c","hash":"e78812c83279b2f74a25bdc629131688a2f36dcd"}
,"/Users/abhihk95/Desktop/react-apps/team-despicable-us/attendanceApp/components/studentpicker.js": {"path":"/Users/abhihk95/Desktop/react-apps/team-despicable-us/attendanceApp/components/studentpicker.js","statementMap":{"0":{"start":{"line":18,"column":2},"end":{"line":18,"column":15}},"1":{"start":{"line":19,"column":2},"end":{"line":22,"column":4}},"2":{"start":{"line":23,"column":2},"end":{"line":23,"column":63}},"3":{"start":{"line":24,"column":2},"end":{"line":24,"column":49}},"4":{"start":{"line":29,"column":4},"end":{"line":29,"column":39}},"5":{"start":{"line":40,"column":3},"end":{"line":58,"column":4}},"6":{"start":{"line":50,"column":17},"end":{"line":50,"column":28}},"7":{"start":{"line":53,"column":3},"end":{"line":57,"column":5}},"8":{"start":{"line":54,"column":5},"end":{"line":56,"column":8}},"9":{"start":{"line":61,"column":3},"end":{"line":61,"column":22}},"10":{"start":{"line":65,"column":2},"end":{"line":74,"column":3}},"11":{"start":{"line":78,"column":15},"end":{"line":96,"column":2}}},"fnMap":{"0":{"name":"(anonymous_0)","decl":{"start":{"line":17,"column":1},"end":{"line":17,"column":2}},"loc":{"start":{"line":17,"column":19},"end":{"line":25,"column":2}},"line":17},"1":{"name":"(anonymous_1)","decl":{"start":{"line":26,"column":22},"end":{"line":26,"column":23}},"loc":{"start":{"line":26,"column":44},"end":{"line":31,"column":3}},"line":26},"2":{"name":"(anonymous_2)","decl":{"start":{"line":34,"column":2},"end":{"line":34,"column":3}},"loc":{"start":{"line":34,"column":22},"end":{"line":37,"column":3}},"line":34},"3":{"name":"(anonymous_3)","decl":{"start":{"line":39,"column":14},"end":{"line":39,"column":15}},"loc":{"start":{"line":39,"column":20},"end":{"line":59,"column":3}},"line":39},"4":{"name":"(anonymous_4)","decl":{"start":{"line":50,"column":8},"end":{"line":50,"column":9}},"loc":{"start":{"line":50,"column":17},"end":{"line":50,"column":28}},"line":50},"5":{"name":"(anonymous_5)","decl":{"start":{"line":51,"column":9},"end":{"line":51,"column":10}},"loc":{"start":{"line":51,"column":17},"end":{"line":58,"column":3}},"line":51},"6":{"name":"(anonymous_6)","decl":{"start":{"line":53,"column":15},"end":{"line":53,"column":16}},"loc":{"start":{"line":53,"column":25},"end":{"line":57,"column":4}},"line":53},"7":{"name":"(anonymous_7)","decl":{"start":{"line":60,"column":2},"end":{"line":60,"column":3}},"loc":{"start":{"line":60,"column":21},"end":{"line":63,"column":3}},"line":60},"8":{"name":"(anonymous_8)","decl":{"start":{"line":64,"column":1},"end":{"line":64,"column":2}},"loc":{"start":{"line":64,"column":9},"end":{"line":75,"column":2}},"line":64}},"branchMap":{},"s":{"0":1,"1":1,"2":1,"3":1,"4":0,"5":0,"6":0,"7":0,"8":0,"9":0,"10":0,"11":2},"f":{"0":1,"1":0,"2":1,"3":0,"4":0,"5":0,"6":0,"7":0,"8":0},"b":{},"_coverageSchema":"332fd63041d2c1bcb487cc26dd0d5f7d97098a6c","hash":"81b523584ae5d2427f3f1335bdfe8ad46b205d14"}
,"/Users/abhihk95/Desktop/react-apps/team-despicable-us/attendanceApp/components/studentticket.js": {"path":"/Users/abhihk95/Desktop/react-apps/team-despicable-us/attendanceApp/components/studentticket.js","statementMap":{"0":{"start":{"line":9,"column":2},"end":{"line":9,"column":15}},"1":{"start":{"line":10,"column":2},"end":{"line":19,"column":6}},"2":{"start":{"line":23,"column":2},"end":{"line":41,"column":4}},"3":{"start":{"line":37,"column":17},"end":{"line":37,"column":27}},"4":{"start":{"line":39,"column":3},"end":{"line":39,"column":20}},"5":{"start":{"line":40,"column":3},"end":{"line":40,"column":27}},"6":{"start":{"line":44,"column":2},"end":{"line":44,"column":30}},"7":{"start":{"line":56,"column":2},"end":{"line":70,"column":3}},"8":{"start":{"line":73,"column":15},"end":{"line":93,"column":2}}},"fnMap":{"0":{"name":"(anonymous_0)","decl":{"start":{"line":8,"column":1},"end":{"line":8,"column":2}},"loc":{"start":{"line":8,"column":19},"end":{"line":20,"column":2}},"line":8},"1":{"name":"(anonymous_1)","decl":{"start":{"line":22,"column":9},"end":{"line":22,"column":10}},"loc":{"start":{"line":22,"column":14},"end":{"line":42,"column":2}},"line":22},"2":{"name":"(anonymous_2)","decl":{"start":{"line":37,"column":8},"end":{"line":37,"column":9}},"loc":{"start":{"line":37,"column":17},"end":{"line":37,"column":27}},"line":37},"3":{"name":"(anonymous_3)","decl":{"start":{"line":38,"column":8},"end":{"line":38,"column":9}},"loc":{"start":{"line":38,"column":17},"end":{"line":41,"column":3}},"line":38},"4":{"name":"(anonymous_4)","decl":{"start":{"line":43,"column":15},"end":{"line":43,"column":16}},"loc":{"start":{"line":43,"column":22},"end":{"line":45,"column":2}},"line":43},"5":{"name":"(anonymous_5)","decl":{"start":{"line":55,"column":1},"end":{"line":55,"column":2}},"loc":{"start":{"line":55,"column":9},"end":{"line":71,"column":2}},"line":55}},"branchMap":{},"s":{"0":1,"1":1,"2":0,"3":0,"4":0,"5":0,"6":0,"7":1,"8":2},"f":{"0":1,"1":0,"2":0,"3":0,"4":0,"5":1},"b":{},"_coverageSchema":"332fd63041d2c1bcb487cc26dd0d5f7d97098a6c","hash":"ef800eb5d2a7a7524e492ec500794f5c3408a1ab"}
,"/Users/abhihk95/Desktop/react-apps/team-despicable-us/attendanceApp/components/upload.js": {"path":"/Users/abhihk95/Desktop/react-apps/team-despicable-us/attendanceApp/components/upload.js","statementMap":{"0":{"start":{"line":14,"column":2},"end":{"line":14,"column":15}},"1":{"start":{"line":15,"column":2},"end":{"line":15,"column":47}},"2":{"start":{"line":18,"column":2},"end":{"line":18,"column":32}},"3":{"start":{"line":20,"column":2},"end":{"line":30,"column":8}},"4":{"start":{"line":24,"column":7},"end":{"line":29,"column":9}},"5":{"start":{"line":35,"column":2},"end":{"line":46,"column":4}}},"fnMap":{"0":{"name":"(anonymous_0)","decl":{"start":{"line":13,"column":1},"end":{"line":13,"column":2}},"loc":{"start":{"line":13,"column":19},"end":{"line":16,"column":2}},"line":13},"1":{"name":"(anonymous_1)","decl":{"start":{"line":17,"column":1},"end":{"line":17,"column":2}},"loc":{"start":{"line":17,"column":14},"end":{"line":33,"column":2}},"line":17},"2":{"name":"(anonymous_2)","decl":{"start":{"line":22,"column":7},"end":{"line":22,"column":8}},"loc":{"start":{"line":22,"column":22},"end":{"line":30,"column":6}},"line":22},"3":{"name":"(anonymous_3)","decl":{"start":{"line":34,"column":1},"end":{"line":34,"column":2}},"loc":{"start":{"line":34,"column":9},"end":{"line":47,"column":2}},"line":34}},"branchMap":{},"s":{"0":1,"1":1,"2":0,"3":0,"4":0,"5":1},"f":{"0":1,"1":0,"2":0,"3":1},"b":{},"_coverageSchema":"332fd63041d2c1bcb487cc26dd0d5f7d97098a6c","hash":"d5f8d08366b15cfc0e6104d447cdc8e3f4d3aef5"}
}
