{"/Users/abhihk95/Desktop/react-apps/team-despicable-us/attendanceApp/App.js": {"path":"/Users/abhihk95/Desktop/react-apps/team-despicable-us/attendanceApp/App.js","statementMap":{"0":{"start":{"line":9,"column":0},"end":{"line":12,"column":1}},"1":{"start":{"line":11,"column":4},"end":{"line":11,"column":25}},"2":{"start":{"line":16,"column":4},"end":{"line":20,"column":6}},"3":{"start":{"line":23,"column":20},"end":{"line":33,"column":4}},"4":{"start":{"line":29,"column":29},"end":{"line":32,"column":3}},"5":{"start":{"line":34,"column":15},"end":{"line":38,"column":2}}},"fnMap":{"0":{"name":"(anonymous_0)","decl":{"start":{"line":15,"column":2},"end":{"line":15,"column":3}},"loc":{"start":{"line":15,"column":11},"end":{"line":21,"column":3}},"line":15},"1":{"name":"(anonymous_1)","decl":{"start":{"line":29,"column":22},"end":{"line":29,"column":23}},"loc":{"start":{"line":29,"column":29},"end":{"line":32,"column":3}},"line":29}},"branchMap":{"0":{"loc":{"start":{"line":9,"column":0},"end":{"line":12,"column":1}},"type":"if","locations":[{"start":{"line":9,"column":0},"end":{"line":12,"column":1}},{"start":{"line":9,"column":0},"end":{"line":12,"column":1}}],"line":9}},"s":{"0":2,"1":0,"2":1,"3":2,"4":2,"5":2},"f":{"0":1,"1":2},"b":{"0":[0,2]},"_coverageSchema":"332fd63041d2c1bcb487cc26dd0d5f7d97098a6c","hash":"b7af4d3f2a02bc49f15d2139877c7110a4edbbf6"}
,"/Users/abhihk95/Desktop/react-apps/team-despicable-us/attendanceApp/setupFetch.js": {"path":"/Users/abhihk95/Desktop/react-apps/team-despicable-us/attendanceApp/setupFetch.js","statementMap":{"0":{"start":{"line":1,"column":0},"end":{"line":1,"column":41}}},"fnMap":{},"branchMap":{},"s":{"0":6},"f":{},"b":{},"_coverageSchema":"332fd63041d2c1bcb487cc26dd0d5f7d97098a6c","hash":"d9df9c886bded1ced938d8444bd1cd40911da249"}
,"/Users/abhihk95/Desktop/react-apps/team-despicable-us/attendanceApp/components/login.js": {"path":"/Users/abhihk95/Desktop/react-apps/team-despicable-us/attendanceApp/components/login.js","statementMap":{"0":{"start":{"line":12,"column":0},"end":{"line":15,"column":1}},"1":{"start":{"line":14,"column":4},"end":{"line":14,"column":25}},"2":{"start":{"line":19,"column":2},"end":{"line":22,"column":3}},"3":{"start":{"line":25,"column":2},"end":{"line":25,"column":24}},"4":{"start":{"line":29,"column":14},"end":{"line":29,"column":48}},"5":{"start":{"line":30,"column":2},"end":{"line":32,"column":3}},"6":{"start":{"line":31,"column":3},"end":{"line":31,"column":51}},"7":{"start":{"line":37,"column":2},"end":{"line":64,"column":3}},"8":{"start":{"line":48,"column":17},"end":{"line":48,"column":28}},"9":{"start":{"line":51,"column":3},"end":{"line":59,"column":4}},"10":{"start":{"line":52,"column":4},"end":{"line":52,"column":45}},"11":{"start":{"line":54,"column":8},"end":{"line":59,"column":4}},"12":{"start":{"line":55,"column":7},"end":{"line":55,"column":181}},"13":{"start":{"line":57,"column":8},"end":{"line":59,"column":4}},"14":{"start":{"line":58,"column":4},"end":{"line":58,"column":77}},"15":{"start":{"line":61,"column":3},"end":{"line":61,"column":51}},"16":{"start":{"line":63,"column":2},"end":{"line":63,"column":14}},"17":{"start":{"line":67,"column":2},"end":{"line":86,"column":4}},"18":{"start":{"line":75,"column":37},"end":{"line":75,"column":74}},"19":{"start":{"line":79,"column":37},"end":{"line":79,"column":74}},"20":{"start":{"line":90,"column":15},"end":{"line":120,"column":2}}},"fnMap":{"0":{"name":"(anonymous_0)","decl":{"start":{"line":18,"column":1},"end":{"line":18,"column":2}},"loc":{"start":{"line":18,"column":19},"end":{"line":23,"column":2}},"line":18},"1":{"name":"(anonymous_1)","decl":{"start":{"line":24,"column":1},"end":{"line":24,"column":2}},"loc":{"start":{"line":24,"column":20},"end":{"line":26,"column":2}},"line":24},"2":{"name":"(anonymous_2)","decl":{"start":{"line":28,"column":18},"end":{"line":28,"column":19}},"loc":{"start":{"line":28,"column":30},"end":{"line":33,"column":2}},"line":28},"3":{"name":"(anonymous_3)","decl":{"start":{"line":34,"column":9},"end":{"line":34,"column":10}},"loc":{"start":{"line":34,"column":15},"end":{"line":65,"column":2}},"line":34},"4":{"name":"(anonymous_4)","decl":{"start":{"line":48,"column":8},"end":{"line":48,"column":9}},"loc":{"start":{"line":48,"column":17},"end":{"line":48,"column":28}},"line":48},"5":{"name":"(anonymous_5)","decl":{"start":{"line":49,"column":9},"end":{"line":49,"column":10}},"loc":{"start":{"line":49,"column":17},"end":{"line":60,"column":3}},"line":49},"6":{"name":"(anonymous_6)","decl":{"start":{"line":60,"column":12},"end":{"line":60,"column":13}},"loc":{"start":{"line":60,"column":28},"end":{"line":64,"column":1}},"line":60},"7":{"name":"(anonymous_7)","decl":{"start":{"line":66,"column":1},"end":{"line":66,"column":2}},"loc":{"start":{"line":66,"column":9},"end":{"line":87,"column":2}},"line":66},"8":{"name":"(anonymous_8)","decl":{"start":{"line":75,"column":22},"end":{"line":75,"column":23}},"loc":{"start":{"line":75,"column":36},"end":{"line":75,"column":75}},"line":75},"9":{"name":"(anonymous_9)","decl":{"start":{"line":79,"column":22},"end":{"line":79,"column":23}},"loc":{"start":{"line":79,"column":36},"end":{"line":79,"column":75}},"line":79}},"branchMap":{"0":{"loc":{"start":{"line":12,"column":0},"end":{"line":15,"column":1}},"type":"if","locations":[{"start":{"line":12,"column":0},"end":{"line":15,"column":1}},{"start":{"line":12,"column":0},"end":{"line":15,"column":1}}],"line":12},"1":{"loc":{"start":{"line":30,"column":2},"end":{"line":32,"column":3}},"type":"if","locations":[{"start":{"line":30,"column":2},"end":{"line":32,"column":3}},{"start":{"line":30,"column":2},"end":{"line":32,"column":3}}],"line":30},"2":{"loc":{"start":{"line":51,"column":3},"end":{"line":59,"column":4}},"type":"if","locations":[{"start":{"line":51,"column":3},"end":{"line":59,"column":4}},{"start":{"line":51,"column":3},"end":{"line":59,"column":4}}],"line":51},"3":{"loc":{"start":{"line":54,"column":8},"end":{"line":59,"column":4}},"type":"if","locations":[{"start":{"line":54,"column":8},"end":{"line":59,"column":4}},{"start":{"line":54,"column":8},"end":{"line":59,"column":4}}],"line":54},"4":{"loc":{"start":{"line":57,"column":8},"end":{"line":59,"column":4}},"type":"if","locations":[{"start":{"line":57,"column":8},"end":{"line":59,"column":4}},{"start":{"line":57,"column":8},"end":{"line":59,"column":4}}],"line":57}},"s":{"0":3,"1":3,"2":0,"3":2,"4":2,"5":0,"6":0,"7":0,"8":0,"9":0,"10":0,"11":0,"12":0,"13":0,"14":0,"15":0,"16":0,"17":2,"18":0,"19":0,"20":3},"f":{"0":0,"1":2,"2":2,"3":0,"4":0,"5":0,"6":0,"7":2,"8":0,"9":0},"b":{"0":[3,0],"1":[0,0],"2":[0,0],"3":[0,0],"4":[0,0]},"_coverageSchema":"332fd63041d2c1bcb487cc26dd0d5f7d97098a6c","hash":"f8b03ee6dd78b570fa80b573982f5a95cbf170b1"}
,"/Users/abhihk95/Desktop/react-apps/team-despicable-us/attendanceApp/components/studentpicker.js": {"path":"/Users/abhihk95/Desktop/react-apps/team-despicable-us/attendanceApp/components/studentpicker.js","statementMap":{"0":{"start":{"line":16,"column":2},"end":{"line":16,"column":15}},"1":{"start":{"line":17,"column":2},"end":{"line":21,"column":4}},"2":{"start":{"line":22,"column":2},"end":{"line":22,"column":49}},"3":{"start":{"line":23,"column":2},"end":{"line":23,"column":35}},"4":{"start":{"line":28,"column":4},"end":{"line":28,"column":40}},"5":{"start":{"line":36,"column":4},"end":{"line":46,"column":5}},"6":{"start":{"line":36,"column":55},"end":{"line":36,"column":95}},"7":{"start":{"line":37,"column":17},"end":{"line":37,"column":115}},"8":{"start":{"line":37,"column":70},"end":{"line":37,"column":110}},"9":{"start":{"line":38,"column":5},"end":{"line":42,"column":7}},"10":{"start":{"line":39,"column":20},"end":{"line":39,"column":54}},"11":{"start":{"line":40,"column":6},"end":{"line":40,"column":30}},"12":{"start":{"line":41,"column":6},"end":{"line":41,"column":40}},"13":{"start":{"line":45,"column":5},"end":{"line":45,"column":94}},"14":{"start":{"line":52,"column":3},"end":{"line":52,"column":28}},"15":{"start":{"line":55,"column":3},"end":{"line":80,"column":4}},"16":{"start":{"line":65,"column":17},"end":{"line":65,"column":28}},"17":{"start":{"line":68,"column":3},"end":{"line":79,"column":5}},"18":{"start":{"line":69,"column":14},"end":{"line":69,"column":67}},"19":{"start":{"line":70,"column":4},"end":{"line":75,"column":5}},"20":{"start":{"line":71,"column":5},"end":{"line":71,"column":25}},"21":{"start":{"line":72,"column":5},"end":{"line":74,"column":8}},"22":{"start":{"line":76,"column":4},"end":{"line":78,"column":7}},"23":{"start":{"line":83,"column":3},"end":{"line":97,"column":4}},"24":{"start":{"line":94,"column":17},"end":{"line":94,"column":28}},"25":{"start":{"line":96,"column":3},"end":{"line":96,"column":20}},"26":{"start":{"line":105,"column":3},"end":{"line":134,"column":6}},"27":{"start":{"line":113,"column":19},"end":{"line":113,"column":30}},"28":{"start":{"line":115,"column":5},"end":{"line":115,"column":23}},"29":{"start":{"line":116,"column":16},"end":{"line":116,"column":47}},"30":{"start":{"line":117,"column":5},"end":{"line":117,"column":23}},"31":{"start":{"line":159,"column":3},"end":{"line":159,"column":21}},"32":{"start":{"line":160,"column":3},"end":{"line":160,"column":43}},"33":{"start":{"line":163,"column":2},"end":{"line":184,"column":3}},"34":{"start":{"line":171,"column":8},"end":{"line":177,"column":10}},"35":{"start":{"line":173,"column":67},"end":{"line":173,"column":114}},"36":{"start":{"line":176,"column":21},"end":{"line":176,"column":43}},"37":{"start":{"line":187,"column":15},"end":{"line":206,"column":2}}},"fnMap":{"0":{"name":"(anonymous_0)","decl":{"start":{"line":15,"column":1},"end":{"line":15,"column":2}},"loc":{"start":{"line":15,"column":19},"end":{"line":24,"column":2}},"line":15},"1":{"name":"(anonymous_1)","decl":{"start":{"line":26,"column":12},"end":{"line":26,"column":13}},"loc":{"start":{"line":26,"column":34},"end":{"line":30,"column":3}},"line":26},"2":{"name":"(anonymous_2)","decl":{"start":{"line":32,"column":17},"end":{"line":32,"column":18}},"loc":{"start":{"line":32,"column":38},"end":{"line":49,"column":3}},"line":32},"3":{"name":"(anonymous_3)","decl":{"start":{"line":36,"column":40},"end":{"line":36,"column":41}},"loc":{"start":{"line":36,"column":53},"end":{"line":36,"column":97}},"line":36},"4":{"name":"(anonymous_4)","decl":{"start":{"line":37,"column":55},"end":{"line":37,"column":56}},"loc":{"start":{"line":37,"column":68},"end":{"line":37,"column":113}},"line":37},"5":{"name":"(anonymous_5)","decl":{"start":{"line":38,"column":19},"end":{"line":38,"column":20}},"loc":{"start":{"line":38,"column":32},"end":{"line":42,"column":5}},"line":38},"6":{"name":"(anonymous_6)","decl":{"start":{"line":51,"column":2},"end":{"line":51,"column":3}},"loc":{"start":{"line":51,"column":28},"end":{"line":53,"column":3}},"line":51},"7":{"name":"(anonymous_7)","decl":{"start":{"line":54,"column":14},"end":{"line":54,"column":15}},"loc":{"start":{"line":54,"column":20},"end":{"line":81,"column":3}},"line":54},"8":{"name":"(anonymous_8)","decl":{"start":{"line":65,"column":8},"end":{"line":65,"column":9}},"loc":{"start":{"line":65,"column":17},"end":{"line":65,"column":28}},"line":65},"9":{"name":"(anonymous_9)","decl":{"start":{"line":66,"column":9},"end":{"line":66,"column":10}},"loc":{"start":{"line":66,"column":17},"end":{"line":80,"column":3}},"line":66},"10":{"name":"(anonymous_10)","decl":{"start":{"line":68,"column":15},"end":{"line":68,"column":16}},"loc":{"start":{"line":68,"column":25},"end":{"line":79,"column":4}},"line":68},"11":{"name":"(anonymous_11)","decl":{"start":{"line":82,"column":15},"end":{"line":82,"column":16}},"loc":{"start":{"line":82,"column":20},"end":{"line":98,"column":3}},"line":82},"12":{"name":"(anonymous_12)","decl":{"start":{"line":94,"column":8},"end":{"line":94,"column":9}},"loc":{"start":{"line":94,"column":17},"end":{"line":94,"column":28}},"line":94},"13":{"name":"(anonymous_13)","decl":{"start":{"line":95,"column":9},"end":{"line":95,"column":10}},"loc":{"start":{"line":95,"column":17},"end":{"line":97,"column":3}},"line":95},"14":{"name":"(anonymous_14)","decl":{"start":{"line":104,"column":13},"end":{"line":104,"column":14}},"loc":{"start":{"line":104,"column":18},"end":{"line":150,"column":3}},"line":104},"15":{"name":"(anonymous_15)","decl":{"start":{"line":113,"column":10},"end":{"line":113,"column":11}},"loc":{"start":{"line":113,"column":19},"end":{"line":113,"column":30}},"line":113},"16":{"name":"(anonymous_16)","decl":{"start":{"line":114,"column":10},"end":{"line":114,"column":11}},"loc":{"start":{"line":114,"column":19},"end":{"line":134,"column":5}},"line":114},"17":{"name":"(anonymous_17)","decl":{"start":{"line":151,"column":2},"end":{"line":151,"column":3}},"loc":{"start":{"line":151,"column":21},"end":{"line":154,"column":3}},"line":151},"18":{"name":"(anonymous_18)","decl":{"start":{"line":155,"column":2},"end":{"line":155,"column":3}},"loc":{"start":{"line":155,"column":23},"end":{"line":157,"column":3}},"line":155},"19":{"name":"(anonymous_19)","decl":{"start":{"line":158,"column":9},"end":{"line":158,"column":10}},"loc":{"start":{"line":158,"column":15},"end":{"line":161,"column":3}},"line":158},"20":{"name":"(anonymous_20)","decl":{"start":{"line":162,"column":1},"end":{"line":162,"column":2}},"loc":{"start":{"line":162,"column":9},"end":{"line":185,"column":2}},"line":162},"21":{"name":"(anonymous_21)","decl":{"start":{"line":170,"column":31},"end":{"line":170,"column":32}},"loc":{"start":{"line":170,"column":37},"end":{"line":178,"column":7}},"line":170},"22":{"name":"(anonymous_22)","decl":{"start":{"line":173,"column":52},"end":{"line":173,"column":53}},"loc":{"start":{"line":173,"column":65},"end":{"line":173,"column":116}},"line":173},"23":{"name":"(anonymous_23)","decl":{"start":{"line":176,"column":16},"end":{"line":176,"column":17}},"loc":{"start":{"line":176,"column":21},"end":{"line":176,"column":43}},"line":176}},"branchMap":{"0":{"loc":{"start":{"line":36,"column":4},"end":{"line":46,"column":5}},"type":"if","locations":[{"start":{"line":36,"column":4},"end":{"line":46,"column":5}},{"start":{"line":36,"column":4},"end":{"line":46,"column":5}}],"line":36},"1":{"loc":{"start":{"line":70,"column":4},"end":{"line":75,"column":5}},"type":"if","locations":[{"start":{"line":70,"column":4},"end":{"line":75,"column":5}},{"start":{"line":70,"column":4},"end":{"line":75,"column":5}}],"line":70}},"s":{"0":1,"1":1,"2":1,"3":1,"4":0,"5":0,"6":0,"7":0,"8":0,"9":0,"10":0,"11":0,"12":0,"13":0,"14":1,"15":1,"16":0,"17":0,"18":0,"19":0,"20":0,"21":0,"22":0,"23":0,"24":0,"25":0,"26":0,"27":0,"28":0,"29":0,"30":0,"31":0,"32":0,"33":1,"34":0,"35":0,"36":0,"37":3},"f":{"0":1,"1":0,"2":0,"3":0,"4":0,"5":0,"6":1,"7":1,"8":0,"9":0,"10":0,"11":0,"12":0,"13":0,"14":0,"15":0,"16":0,"17":1,"18":0,"19":0,"20":1,"21":0,"22":0,"23":0},"b":{"0":[0,0],"1":[0,0]},"_coverageSchema":"332fd63041d2c1bcb487cc26dd0d5f7d97098a6c","hash":"fa6fe2b05d6beb179e9cbee0a2fffafd43b58352"}
,"/Users/abhihk95/Desktop/react-apps/team-despicable-us/attendanceApp/components/studentticket.js": {"path":"/Users/abhihk95/Desktop/react-apps/team-despicable-us/attendanceApp/components/studentticket.js","statementMap":{"0":{"start":{"line":9,"column":2},"end":{"line":9,"column":15}},"1":{"start":{"line":10,"column":2},"end":{"line":19,"column":6}},"2":{"start":{"line":23,"column":2},"end":{"line":43,"column":4}},"3":{"start":{"line":39,"column":17},"end":{"line":39,"column":27}},"4":{"start":{"line":41,"column":3},"end":{"line":41,"column":20}},"5":{"start":{"line":42,"column":3},"end":{"line":42,"column":27}},"6":{"start":{"line":46,"column":2},"end":{"line":46,"column":30}},"7":{"start":{"line":60,"column":15},"end":{"line":60,"column":25}},"8":{"start":{"line":61,"column":2},"end":{"line":61,"column":54}},"9":{"start":{"line":64,"column":2},"end":{"line":84,"column":3}},"10":{"start":{"line":87,"column":15},"end":{"line":107,"column":2}}},"fnMap":{"0":{"name":"(anonymous_0)","decl":{"start":{"line":8,"column":1},"end":{"line":8,"column":2}},"loc":{"start":{"line":8,"column":19},"end":{"line":20,"column":2}},"line":8},"1":{"name":"(anonymous_1)","decl":{"start":{"line":22,"column":9},"end":{"line":22,"column":10}},"loc":{"start":{"line":22,"column":14},"end":{"line":44,"column":2}},"line":22},"2":{"name":"(anonymous_2)","decl":{"start":{"line":39,"column":8},"end":{"line":39,"column":9}},"loc":{"start":{"line":39,"column":17},"end":{"line":39,"column":27}},"line":39},"3":{"name":"(anonymous_3)","decl":{"start":{"line":40,"column":8},"end":{"line":40,"column":9}},"loc":{"start":{"line":40,"column":17},"end":{"line":43,"column":3}},"line":40},"4":{"name":"(anonymous_4)","decl":{"start":{"line":45,"column":15},"end":{"line":45,"column":16}},"loc":{"start":{"line":45,"column":22},"end":{"line":47,"column":2}},"line":45},"5":{"name":"(anonymous_5)","decl":{"start":{"line":59,"column":1},"end":{"line":59,"column":2}},"loc":{"start":{"line":59,"column":10},"end":{"line":62,"column":2}},"line":59},"6":{"name":"(anonymous_6)","decl":{"start":{"line":63,"column":1},"end":{"line":63,"column":2}},"loc":{"start":{"line":63,"column":9},"end":{"line":85,"column":2}},"line":63}},"branchMap":{"0":{"loc":{"start":{"line":61,"column":10},"end":{"line":61,"column":51}},"type":"binary-expr","locations":[{"start":{"line":61,"column":10},"end":{"line":61,"column":28}},{"start":{"line":61,"column":32},"end":{"line":61,"column":51}}],"line":61}},"s":{"0":1,"1":1,"2":0,"3":0,"4":0,"5":0,"6":0,"7":0,"8":0,"9":2,"10":3},"f":{"0":1,"1":0,"2":0,"3":0,"4":0,"5":0,"6":2},"b":{"0":[0,0]},"_coverageSchema":"332fd63041d2c1bcb487cc26dd0d5f7d97098a6c","hash":"715ae79ad996edc9f59d3239c959ae834b242470"}
,"/Users/abhihk95/Desktop/react-apps/team-despicable-us/attendanceApp/components/upload.js": {"path":"/Users/abhihk95/Desktop/react-apps/team-despicable-us/attendanceApp/components/upload.js","statementMap":{"0":{"start":{"line":14,"column":2},"end":{"line":14,"column":15}},"1":{"start":{"line":17,"column":18},"end":{"line":17,"column":59}},"2":{"start":{"line":18,"column":3},"end":{"line":57,"column":4}},"3":{"start":{"line":20,"column":17},"end":{"line":20,"column":39}},"4":{"start":{"line":21,"column":19},"end":{"line":21,"column":42}},"5":{"start":{"line":22,"column":4},"end":{"line":56,"column":5}},"6":{"start":{"line":25,"column":15},"end":{"line":25,"column":29}},"7":{"start":{"line":26,"column":4},"end":{"line":26,"column":82}},"8":{"start":{"line":28,"column":14},"end":{"line":28,"column":34}},"9":{"start":{"line":29,"column":4},"end":{"line":29,"column":31}},"10":{"start":{"line":31,"column":4},"end":{"line":35,"column":7}},"11":{"start":{"line":32,"column":6},"end":{"line":34,"column":7}},"12":{"start":{"line":33,"column":8},"end":{"line":33,"column":39}},"13":{"start":{"line":37,"column":4},"end":{"line":37,"column":73}},"14":{"start":{"line":38,"column":4},"end":{"line":38,"column":64}},"15":{"start":{"line":40,"column":4},"end":{"line":40,"column":19}},"16":{"start":{"line":55,"column":5},"end":{"line":55,"column":39}},"17":{"start":{"line":61,"column":2},"end":{"line":67,"column":4}}},"fnMap":{"0":{"name":"(anonymous_0)","decl":{"start":{"line":13,"column":1},"end":{"line":13,"column":2}},"loc":{"start":{"line":13,"column":19},"end":{"line":15,"column":2}},"line":13},"1":{"name":"(anonymous_1)","decl":{"start":{"line":16,"column":17},"end":{"line":16,"column":18}},"loc":{"start":{"line":16,"column":29},"end":{"line":59,"column":2}},"line":16},"2":{"name":"(anonymous_2)","decl":{"start":{"line":31,"column":45},"end":{"line":31,"column":46}},"loc":{"start":{"line":31,"column":57},"end":{"line":35,"column":5}},"line":31},"3":{"name":"(anonymous_3)","decl":{"start":{"line":60,"column":1},"end":{"line":60,"column":2}},"loc":{"start":{"line":60,"column":9},"end":{"line":68,"column":2}},"line":60}},"branchMap":{"0":{"loc":{"start":{"line":18,"column":3},"end":{"line":57,"column":4}},"type":"if","locations":[{"start":{"line":18,"column":3},"end":{"line":57,"column":4}},{"start":{"line":18,"column":3},"end":{"line":57,"column":4}}],"line":18},"1":{"loc":{"start":{"line":22,"column":4},"end":{"line":56,"column":5}},"type":"if","locations":[{"start":{"line":22,"column":4},"end":{"line":56,"column":5}},{"start":{"line":22,"column":4},"end":{"line":56,"column":5}}],"line":22},"2":{"loc":{"start":{"line":32,"column":6},"end":{"line":34,"column":7}},"type":"if","locations":[{"start":{"line":32,"column":6},"end":{"line":34,"column":7}},{"start":{"line":32,"column":6},"end":{"line":34,"column":7}}],"line":32}},"s":{"0":1,"1":0,"2":0,"3":0,"4":0,"5":0,"6":0,"7":0,"8":0,"9":0,"10":0,"11":0,"12":0,"13":0,"14":0,"15":0,"16":0,"17":1},"f":{"0":1,"1":0,"2":0,"3":1},"b":{"0":[0,0],"1":[0,0],"2":[0,0]},"_coverageSchema":"332fd63041d2c1bcb487cc26dd0d5f7d97098a6c","hash":"6758c67ecaed14ec4f06d6c0c04fc03a926467dd"}
}
