TN:
SF:/Users/abhihk95/Desktop/react-apps/team-despicable-us/attendanceApp/App.js
FN:30,(anonymous_0)
FN:39,(anonymous_1)
FNF:2
FNH:0
FNDA:0,(anonymous_0)
FNDA:0,(anonymous_1)
DA:14,1
DA:21,1
DA:30,0
DA:40,0
LF:4
LH:2
BRF:0
BRH:0
end_of_record
TN:
SF:/Users/abhihk95/Desktop/react-apps/team-despicable-us/attendanceApp/setupFetch.js
FNF:0
FNH:0
DA:1,5
LF:1
LH:1
BRF:0
BRH:0
end_of_record
TN:
SF:/Users/abhihk95/Desktop/react-apps/team-despicable-us/attendanceApp/components/login.js
FN:14,(anonymous_0)
FN:20,(anonymous_1)
FN:24,(anonymous_2)
FN:30,(anonymous_3)
FN:44,(anonymous_4)
FN:45,(anonymous_5)
FN:58,(anonymous_6)
FN:67,(anonymous_7)
FN:71,(anonymous_8)
FNF:9
FNH:3
FNDA:0,(anonymous_0)
FNDA:1,(anonymous_1)
FNDA:1,(anonymous_2)
FNDA:0,(anonymous_3)
FNDA:0,(anonymous_4)
FNDA:0,(anonymous_5)
FNDA:1,(anonymous_6)
FNDA:0,(anonymous_7)
FNDA:0,(anonymous_8)
DA:15,0
DA:21,1
DA:25,1
DA:26,0
DA:27,0
DA:33,0
DA:44,0
DA:47,0
DA:48,0
DA:50,0
DA:51,0
DA:53,0
DA:54,0
DA:59,1
DA:67,0
DA:71,0
DA:82,2
LF:17
LH:4
BRDA:26,0,0,0
BRDA:26,0,1,0
BRDA:47,1,0,0
BRDA:47,1,1,0
BRDA:50,2,0,0
BRDA:50,2,1,0
BRDA:53,3,0,0
BRDA:53,3,1,0
BRF:8
BRH:0
end_of_record
TN:
SF:/Users/abhihk95/Desktop/react-apps/team-despicable-us/attendanceApp/components/studentpicker.js
FN:17,(anonymous_0)
FN:26,(anonymous_1)
FN:34,(anonymous_2)
FN:39,(anonymous_3)
FN:50,(anonymous_4)
FN:51,(anonymous_5)
FN:53,(anonymous_6)
FN:60,(anonymous_7)
FN:64,(anonymous_8)
FNF:9
FNH:2
FNDA:1,(anonymous_0)
FNDA:0,(anonymous_1)
FNDA:1,(anonymous_2)
FNDA:0,(anonymous_3)
FNDA:0,(anonymous_4)
FNDA:0,(anonymous_5)
FNDA:0,(anonymous_6)
FNDA:0,(anonymous_7)
FNDA:0,(anonymous_8)
DA:18,1
DA:19,1
DA:23,1
DA:24,1
DA:29,0
DA:40,0
DA:50,0
DA:53,0
DA:54,0
DA:61,0
DA:65,0
DA:78,2
LF:12
LH:5
BRF:0
BRH:0
end_of_record
TN:
SF:/Users/abhihk95/Desktop/react-apps/team-despicable-us/attendanceApp/components/studentticket.js
FN:8,(anonymous_0)
FN:22,(anonymous_1)
FN:37,(anonymous_2)
FN:38,(anonymous_3)
FN:43,(anonymous_4)
FN:55,(anonymous_5)
FNF:6
FNH:2
FNDA:1,(anonymous_0)
FNDA:0,(anonymous_1)
FNDA:0,(anonymous_2)
FNDA:0,(anonymous_3)
FNDA:0,(anonymous_4)
FNDA:1,(anonymous_5)
DA:9,1
DA:10,1
DA:23,0
DA:37,0
DA:39,0
DA:40,0
DA:44,0
DA:56,1
DA:73,2
LF:9
LH:4
BRF:0
BRH:0
end_of_record
TN:
SF:/Users/abhihk95/Desktop/react-apps/team-despicable-us/attendanceApp/components/upload.js
FN:13,(anonymous_0)
FN:17,(anonymous_1)
FN:22,(anonymous_2)
FN:34,(anonymous_3)
FNF:4
FNH:2
FNDA:1,(anonymous_0)
FNDA:0,(anonymous_1)
FNDA:0,(anonymous_2)
FNDA:1,(anonymous_3)
DA:14,1
DA:15,1
DA:18,0
DA:20,0
DA:24,0
DA:35,1
LF:6
LH:3
BRF:0
BRH:0
end_of_record
