TN:
SF:/Users/abhihk95/Desktop/react-apps/team-despicable-us/attendanceApp/App.js
FN:15,(anonymous_0)
FN:29,(anonymous_1)
FNF:2
FNH:2
FNDA:1,(anonymous_0)
FNDA:2,(anonymous_1)
DA:9,2
DA:11,0
DA:16,1
DA:23,2
DA:29,2
DA:34,2
LF:6
LH:5
BRDA:9,0,0,0
BRDA:9,0,1,2
BRF:2
BRH:1
end_of_record
TN:
SF:/Users/abhihk95/Desktop/react-apps/team-despicable-us/attendanceApp/setupFetch.js
FNF:0
FNH:0
DA:1,6
LF:1
LH:1
BRF:0
BRH:0
end_of_record
TN:
SF:/Users/abhihk95/Desktop/react-apps/team-despicable-us/attendanceApp/components/login.js
FN:18,(anonymous_0)
FN:24,(anonymous_1)
FN:28,(anonymous_2)
FN:34,(anonymous_3)
FN:48,(anonymous_4)
FN:49,(anonymous_5)
FN:60,(anonymous_6)
FN:66,(anonymous_7)
FN:75,(anonymous_8)
FN:79,(anonymous_9)
FNF:10
FNH:3
FNDA:0,(anonymous_0)
FNDA:2,(anonymous_1)
FNDA:2,(anonymous_2)
FNDA:0,(anonymous_3)
FNDA:0,(anonymous_4)
FNDA:0,(anonymous_5)
FNDA:0,(anonymous_6)
FNDA:2,(anonymous_7)
FNDA:0,(anonymous_8)
FNDA:0,(anonymous_9)
DA:12,3
DA:14,3
DA:19,0
DA:25,2
DA:29,2
DA:30,0
DA:31,0
DA:37,0
DA:48,0
DA:51,0
DA:52,0
DA:54,0
DA:55,0
DA:57,0
DA:58,0
DA:61,0
DA:63,0
DA:67,2
DA:75,0
DA:79,0
DA:90,3
LF:21
LH:6
BRDA:12,0,0,3
BRDA:12,0,1,0
BRDA:30,1,0,0
BRDA:30,1,1,0
BRDA:51,2,0,0
BRDA:51,2,1,0
BRDA:54,3,0,0
BRDA:54,3,1,0
BRDA:57,4,0,0
BRDA:57,4,1,0
BRF:10
BRH:1
end_of_record
TN:
SF:/Users/abhihk95/Desktop/react-apps/team-despicable-us/attendanceApp/components/studentpicker.js
FN:15,(anonymous_0)
FN:26,(anonymous_1)
FN:32,(anonymous_2)
FN:36,(anonymous_3)
FN:37,(anonymous_4)
FN:38,(anonymous_5)
FN:51,(anonymous_6)
FN:54,(anonymous_7)
FN:65,(anonymous_8)
FN:66,(anonymous_9)
FN:68,(anonymous_10)
FN:82,(anonymous_11)
FN:94,(anonymous_12)
FN:95,(anonymous_13)
FN:104,(anonymous_14)
FN:113,(anonymous_15)
FN:114,(anonymous_16)
FN:151,(anonymous_17)
FN:155,(anonymous_18)
FN:158,(anonymous_19)
FN:162,(anonymous_20)
FN:170,(anonymous_21)
FN:173,(anonymous_22)
FN:176,(anonymous_23)
FNF:24
FNH:5
FNDA:1,(anonymous_0)
FNDA:0,(anonymous_1)
FNDA:0,(anonymous_2)
FNDA:0,(anonymous_3)
FNDA:0,(anonymous_4)
FNDA:0,(anonymous_5)
FNDA:1,(anonymous_6)
FNDA:1,(anonymous_7)
FNDA:0,(anonymous_8)
FNDA:0,(anonymous_9)
FNDA:0,(anonymous_10)
FNDA:0,(anonymous_11)
FNDA:0,(anonymous_12)
FNDA:0,(anonymous_13)
FNDA:0,(anonymous_14)
FNDA:0,(anonymous_15)
FNDA:0,(anonymous_16)
FNDA:1,(anonymous_17)
FNDA:0,(anonymous_18)
FNDA:0,(anonymous_19)
FNDA:1,(anonymous_20)
FNDA:0,(anonymous_21)
FNDA:0,(anonymous_22)
FNDA:0,(anonymous_23)
DA:16,1
DA:17,1
DA:22,1
DA:23,1
DA:28,0
DA:36,0
DA:37,0
DA:38,0
DA:39,0
DA:40,0
DA:41,0
DA:45,0
DA:52,1
DA:55,1
DA:65,0
DA:68,0
DA:69,0
DA:70,0
DA:71,0
DA:72,0
DA:76,0
DA:83,0
DA:94,0
DA:96,0
DA:105,0
DA:113,0
DA:115,0
DA:116,0
DA:117,0
DA:159,0
DA:160,0
DA:163,1
DA:171,0
DA:173,0
DA:176,0
DA:187,3
LF:36
LH:8
BRDA:36,0,0,0
BRDA:36,0,1,0
BRDA:70,1,0,0
BRDA:70,1,1,0
BRF:4
BRH:0
end_of_record
TN:
SF:/Users/abhihk95/Desktop/react-apps/team-despicable-us/attendanceApp/components/studentticket.js
FN:8,(anonymous_0)
FN:22,(anonymous_1)
FN:39,(anonymous_2)
FN:40,(anonymous_3)
FN:45,(anonymous_4)
FN:59,(anonymous_5)
FN:63,(anonymous_6)
FNF:7
FNH:2
FNDA:1,(anonymous_0)
FNDA:0,(anonymous_1)
FNDA:0,(anonymous_2)
FNDA:0,(anonymous_3)
FNDA:0,(anonymous_4)
FNDA:0,(anonymous_5)
FNDA:2,(anonymous_6)
DA:9,1
DA:10,1
DA:23,0
DA:39,0
DA:41,0
DA:42,0
DA:46,0
DA:60,0
DA:61,0
DA:64,2
DA:87,3
LF:11
LH:4
BRDA:61,0,0,0
BRDA:61,0,1,0
BRF:2
BRH:0
end_of_record
TN:
SF:/Users/abhihk95/Desktop/react-apps/team-despicable-us/attendanceApp/components/upload.js
FN:13,(anonymous_0)
FN:16,(anonymous_1)
FN:31,(anonymous_2)
FN:60,(anonymous_3)
FNF:4
FNH:2
FNDA:1,(anonymous_0)
FNDA:0,(anonymous_1)
FNDA:0,(anonymous_2)
FNDA:1,(anonymous_3)
DA:14,1
DA:17,0
DA:18,0
DA:20,0
DA:21,0
DA:22,0
DA:25,0
DA:26,0
DA:28,0
DA:29,0
DA:31,0
DA:32,0
DA:33,0
DA:37,0
DA:38,0
DA:40,0
DA:55,0
DA:61,1
LF:18
LH:2
BRDA:18,0,0,0
BRDA:18,0,1,0
BRDA:22,1,0,0
BRDA:22,1,1,0
BRDA:32,2,0,0
BRDA:32,2,1,0
BRF:6
BRH:0
end_of_record
